<?xml version="1.0" encoding="UTF-8"?>
<!-- Generated by org.testng.reporters.JUnitXMLReporter -->
<testsuite hostname="ICPL10451" name="Default test" tests="3" failures="0" timestamp="30 Nov 2016 10:20:23 GMT" time="0.069" errors="0">
  <testcase name="RetrieveCompanyData" time="0.0" classname="pageTests.TestMethod">
    <skipped/>
  </testcase> <!-- RetrieveCompanyData -->
  <testcase name="SearchCompany" time="0.0" classname="pageTests.TestMethod">
    <skipped/>
  </testcase> <!-- SearchCompany -->
  <testcase name="compareEPS" time="0.0" classname="pageTests.TestMethod">
    <skipped/>
  </testcase> <!-- compareEPS -->
</testsuite> <!-- Default test -->
