<?xml version="1.0" encoding="UTF-8"?>
<testng-results skipped="0" failed="0" total="5" passed="5">
  <reporter-output>
  </reporter-output>
  <suite name="Suite" duration-ms="88156" started-at="2016-12-01T07:04:06Z" finished-at="2016-12-01T07:05:35Z">
    <groups>
    </groups>
    <test name="AXS_NYSE_Company" duration-ms="59893" started-at="2016-12-01T07:04:06Z" finished-at="2016-12-01T07:05:06Z">
      <class name="pageTests.TestMethod">
        <test-method status="PASS" signature="SearchCompany(java.lang.String)[pri:0, instance:pageTests.TestMethod@3fead226]" name="SearchCompany" duration-ms="20799" started-at="2016-12-01T12:34:45Z" finished-at="2016-12-01T12:35:06Z">
          <params>
            <param index="0">
              <value>
                <![CDATA[AXS]]>
              </value>
            </param>
          </params>
          <reporter-output>
          </reporter-output>
        </test-method> <!-- SearchCompany -->
        <test-method status="PASS" signature="RetrieveCompanyData(java.lang.String)[pri:0, instance:pageTests.TestMethod@3fead226]" name="RetrieveCompanyData" duration-ms="226" started-at="2016-12-01T12:35:06Z" finished-at="2016-12-01T12:35:06Z">
          <params>
            <param index="0">
              <value>
                <![CDATA[AXS]]>
              </value>
            </param>
          </params>
          <reporter-output>
          </reporter-output>
        </test-method> <!-- RetrieveCompanyData -->
      </class> <!-- pageTests.TestMethod -->
    </test> <!-- AXS_NYSE_Company -->
    <test name="AIG_NYSE_Company" duration-ms="20710" started-at="2016-12-01T07:05:06Z" finished-at="2016-12-01T07:05:27Z">
      <class name="pageTests.TestMethod">
        <test-method status="PASS" signature="SearchCompany(java.lang.String)[pri:0, instance:pageTests.TestMethod@59ae5a16]" name="SearchCompany" duration-ms="13635" started-at="2016-12-01T12:35:13Z" finished-at="2016-12-01T12:35:27Z">
          <params>
            <param index="0">
              <value>
                <![CDATA[AIG]]>
              </value>
            </param>
          </params>
          <reporter-output>
          </reporter-output>
        </test-method> <!-- SearchCompany -->
        <test-method status="PASS" signature="RetrieveCompanyData(java.lang.String)[pri:0, instance:pageTests.TestMethod@59ae5a16]" name="RetrieveCompanyData" duration-ms="344" started-at="2016-12-01T12:35:27Z" finished-at="2016-12-01T12:35:27Z">
          <params>
            <param index="0">
              <value>
                <![CDATA[AIG]]>
              </value>
            </param>
          </params>
          <reporter-output>
          </reporter-output>
        </test-method> <!-- RetrieveCompanyData -->
      </class> <!-- pageTests.TestMethod -->
    </test> <!-- AIG_NYSE_Company -->
    <test name="CompareEPS_AXS_vs_AIG" duration-ms="7519" started-at="2016-12-01T07:05:27Z" finished-at="2016-12-01T07:05:35Z">
      <class name="pageTests.TestMethod">
        <test-method status="PASS" signature="compareEPS(java.lang.String, java.lang.String)[pri:0, instance:pageTests.TestMethod@21140e5a]" name="compareEPS" duration-ms="1" started-at="2016-12-01T12:35:35Z" finished-at="2016-12-01T12:35:35Z">
          <params>
            <param index="0">
              <value>
                <![CDATA[AXS]]>
              </value>
            </param>
            <param index="1">
              <value>
                <![CDATA[AIG]]>
              </value>
            </param>
          </params>
          <reporter-output>
          </reporter-output>
        </test-method> <!-- compareEPS -->
      </class> <!-- pageTests.TestMethod -->
    </test> <!-- CompareEPS_AXS_vs_AIG -->
  </suite> <!-- Suite -->
</testng-results>
