<?xml version="1.0" encoding="UTF-8"?>
<testng-results skipped="0" failed="0" total="5" passed="5">
  <reporter-output>
  </reporter-output>
  <suite name="Suite" duration-ms="153560" started-at="2016-12-01T04:48:13Z" finished-at="2016-12-01T04:50:47Z">
    <groups>
    </groups>
    <test name="AXS_NYSE_Company" duration-ms="44812" started-at="2016-12-01T04:48:13Z" finished-at="2016-12-01T04:48:58Z">
      <class name="pageTests.TestMethod">
        <test-method status="PASS" signature="SearchCompany(java.lang.String)[pri:0, instance:pageTests.TestMethod@627a73aa]" name="SearchCompany" duration-ms="14403" started-at="2016-12-01T10:18:43Z" finished-at="2016-12-01T10:18:57Z">
          <params>
            <param index="0">
              <value>
                <![CDATA[AXS]]>
              </value>
            </param>
          </params>
          <reporter-output>
          </reporter-output>
        </test-method> <!-- SearchCompany -->
        <test-method status="PASS" signature="RetrieveCompanyData(java.lang.String)[pri:0, instance:pageTests.TestMethod@627a73aa]" name="RetrieveCompanyData" duration-ms="367" started-at="2016-12-01T10:18:57Z" finished-at="2016-12-01T10:18:58Z">
          <params>
            <param index="0">
              <value>
                <![CDATA[AXS]]>
              </value>
            </param>
          </params>
          <reporter-output>
          </reporter-output>
        </test-method> <!-- RetrieveCompanyData -->
      </class> <!-- pageTests.TestMethod -->
    </test> <!-- AXS_NYSE_Company -->
    <test name="AIG_NYSE_Company" duration-ms="41015" started-at="2016-12-01T04:48:58Z" finished-at="2016-12-01T04:49:39Z">
      <class name="pageTests.TestMethod">
        <test-method status="PASS" signature="SearchCompany(java.lang.String)[pri:0, instance:pageTests.TestMethod@65a6bc76]" name="SearchCompany" duration-ms="29647" started-at="2016-12-01T10:19:09Z" finished-at="2016-12-01T10:19:39Z">
          <params>
            <param index="0">
              <value>
                <![CDATA[AIG]]>
              </value>
            </param>
          </params>
          <reporter-output>
          </reporter-output>
        </test-method> <!-- SearchCompany -->
        <test-method status="PASS" signature="RetrieveCompanyData(java.lang.String)[pri:0, instance:pageTests.TestMethod@65a6bc76]" name="RetrieveCompanyData" duration-ms="195" started-at="2016-12-01T10:19:39Z" finished-at="2016-12-01T10:19:39Z">
          <params>
            <param index="0">
              <value>
                <![CDATA[AIG]]>
              </value>
            </param>
          </params>
          <reporter-output>
          </reporter-output>
        </test-method> <!-- RetrieveCompanyData -->
      </class> <!-- pageTests.TestMethod -->
    </test> <!-- AIG_NYSE_Company -->
    <test name="CompareEPS_AXS_vs_AIG" duration-ms="67261" started-at="2016-12-01T04:49:39Z" finished-at="2016-12-01T04:50:47Z">
      <class name="pageTests.TestMethod">
        <test-method status="PASS" signature="compareEPS(java.lang.String, java.lang.String)[pri:0, instance:pageTests.TestMethod@4fc5a2f9]" name="compareEPS" duration-ms="1" started-at="2016-12-01T10:20:47Z" finished-at="2016-12-01T10:20:47Z">
          <params>
            <param index="0">
              <value>
                <![CDATA[AXS]]>
              </value>
            </param>
            <param index="1">
              <value>
                <![CDATA[AIG]]>
              </value>
            </param>
          </params>
          <reporter-output>
          </reporter-output>
        </test-method> <!-- compareEPS -->
      </class> <!-- pageTests.TestMethod -->
    </test> <!-- CompareEPS_AXS_vs_AIG -->
  </suite> <!-- Suite -->
</testng-results>
